app/build/intermediates/manifest_merge_blame_file/release/processReleaseMainManifest/manifest-merger-blame-release-report.txt
1<?xml version="1.0" encoding="utf-8"?>
2<manifest xmlns:android="http://schemas.android.com/apk/res/android"
3    package="com.jaudifinance"
4    android:versionCode="1"
5    android:versionName="1.0" >
6
7    <uses-sdk
8        android:minSdkVersion="24"
9        android:targetSdkVersion="35" />
10
11    <uses-permission android:name="android.permission.INTERNET" />
11-->src/main/AndroidManifest.xml:3:5-67
11-->src/main/AndroidManifest.xml:3:22-64
12    <uses-permission android:name="android.permission.CAMERA" />
12-->src/main/AndroidManifest.xml:4:5-65
12-->src/main/AndroidManifest.xml:4:22-62
13    <uses-permission android:name="android.permission.WRITE_EXTERNAL_STORAGE" />
13-->src/main/AndroidManifest.xml:5:5-81
13-->src/main/AndroidManifest.xml:5:22-78
14    <uses-permission android:name="android.permission.READ_EXTERNAL_STORAGE" />
14-->src/main/AndroidManifest.xml:6:5-80
14-->src/main/AndroidManifest.xml:6:22-77
15
16    <!-- Add these biometric permissions -->
17    <uses-permission android:name="android.permission.USE_BIOMETRIC" />
17-->src/main/AndroidManifest.xml:9:5-72
17-->src/main/AndroidManifest.xml:9:22-69
18    <uses-permission android:name="android.permission.USE_FINGERPRINT" />
18-->src/main/AndroidManifest.xml:10:5-74
18-->src/main/AndroidManifest.xml:10:22-71
19    <uses-permission android:name="android.permission.USE_FACE" />
19-->src/main/AndroidManifest.xml:11:5-67
19-->src/main/AndroidManifest.xml:11:22-64
20
21    <!-- Hardware features for biometrics -->
22    <uses-feature
22-->src/main/AndroidManifest.xml:14:5-16:36
23        android:name="android.hardware.fingerprint"
23-->src/main/AndroidManifest.xml:15:9-52
24        android:required="false" />
24-->src/main/AndroidManifest.xml:16:9-33
25    <uses-feature
25-->src/main/AndroidManifest.xml:17:5-19:36
26        android:name="android.hardware.biometrics"
26-->src/main/AndroidManifest.xml:18:9-51
27        android:required="false" />
27-->src/main/AndroidManifest.xml:19:9-33
28
29    <uses-permission android:name="android.permission.ACCESS_NETWORK_STATE" />
29-->[:react-native-community_netinfo] AndroidManifest.xml:7:5-79
29-->[:react-native-community_netinfo] AndroidManifest.xml:7:22-76
30    <uses-permission android:name="android.permission.ACCESS_WIFI_STATE" />
30-->[:react-native-community_netinfo] AndroidManifest.xml:8:5-76
30-->[:react-native-community_netinfo] AndroidManifest.xml:8:22-73
31    <uses-permission android:name="android.permission.WAKE_LOCK" />
31-->[:react-native-firebase_messaging] AndroidManifest.xml:8:5-68
31-->[:react-native-firebase_messaging] AndroidManifest.xml:8:22-65
32    <uses-permission android:name="android.permission.VIBRATE" />
32-->[:react-native-haptic-feedback] AndroidManifest.xml:7:5-66
32-->[:react-native-haptic-feedback] AndroidManifest.xml:7:22-63
33    <uses-permission android:name="android.permission.POST_NOTIFICATIONS" /> <!-- Required by older versions of Google Play services to create IID tokens -->
33-->[com.google.firebase:firebase-messaging:23.4.0] AndroidManifest.xml:23:5-77
33-->[com.google.firebase:firebase-messaging:23.4.0] AndroidManifest.xml:23:22-74
34    <uses-permission android:name="com.google.android.c2dm.permission.RECEIVE" />
34-->[com.google.firebase:firebase-messaging:23.4.0] AndroidManifest.xml:26:5-82
34-->[com.google.firebase:firebase-messaging:23.4.0] AndroidManifest.xml:26:22-79
35
36    <permission
36-->[androidx.core:core:1.16.0] AndroidManifest.xml:22:5-24:47
37        android:name="com.jaudifinance.DYNAMIC_RECEIVER_NOT_EXPORTED_PERMISSION"
37-->[androidx.core:core:1.16.0] AndroidManifest.xml:23:9-81
38        android:protectionLevel="signature" />
38-->[androidx.core:core:1.16.0] AndroidManifest.xml:24:9-44
39
40    <uses-permission android:name="com.jaudifinance.DYNAMIC_RECEIVER_NOT_EXPORTED_PERMISSION" />
40-->[androidx.core:core:1.16.0] AndroidManifest.xml:26:5-97
40-->[androidx.core:core:1.16.0] AndroidManifest.xml:26:22-94
41    <uses-permission android:name="com.google.android.finsky.permission.BIND_GET_INSTALL_REFERRER_SERVICE" />
41-->[com.android.installreferrer:installreferrer:1.1.2] AndroidManifest.xml:9:5-110
41-->[com.android.installreferrer:installreferrer:1.1.2] AndroidManifest.xml:9:22-107
42
43    <application
43-->src/main/AndroidManifest.xml:21:5-41:19
44        android:name="com.jaudifinance.MainApplication"
44-->src/main/AndroidManifest.xml:22:7-38
45        android:allowBackup="false"
45-->src/main/AndroidManifest.xml:26:7-34
46        android:appComponentFactory="androidx.core.app.CoreComponentFactory"
46-->[androidx.core:core:1.16.0] AndroidManifest.xml:28:18-86
47        android:extractNativeLibs="false"
48        android:icon="@mipmap/ic_launcher"
48-->src/main/AndroidManifest.xml:24:7-41
49        android:label="@string/app_name"
49-->src/main/AndroidManifest.xml:23:7-39
50        android:roundIcon="@mipmap/ic_launcher_round"
50-->src/main/AndroidManifest.xml:25:7-52
51        android:supportsRtl="true"
51-->src/main/AndroidManifest.xml:28:7-33
52        android:theme="@style/AppTheme" >
52-->src/main/AndroidManifest.xml:27:7-38
53        <activity
53-->src/main/AndroidManifest.xml:29:7-40:18
54            android:name="com.jaudifinance.MainActivity"
54-->src/main/AndroidManifest.xml:30:9-37
55            android:configChanges="keyboard|keyboardHidden|orientation|screenLayout|screenSize|smallestScreenSize|uiMode"
55-->src/main/AndroidManifest.xml:32:9-118
56            android:exported="true"
56-->src/main/AndroidManifest.xml:35:9-32
57            android:label="@string/app_name"
57-->src/main/AndroidManifest.xml:31:9-41
58            android:launchMode="singleTask"
58-->src/main/AndroidManifest.xml:33:9-40
59            android:windowSoftInputMode="adjustResize" >
59-->src/main/AndroidManifest.xml:34:9-51
60            <intent-filter>
60-->src/main/AndroidManifest.xml:36:9-39:25
61                <action android:name="android.intent.action.MAIN" />
61-->src/main/AndroidManifest.xml:37:13-65
61-->src/main/AndroidManifest.xml:37:21-62
62
63                <category android:name="android.intent.category.LAUNCHER" />
63-->src/main/AndroidManifest.xml:38:13-73
63-->src/main/AndroidManifest.xml:38:23-70
64            </intent-filter>
65        </activity>
66
67        <service
67-->[:react-native-firebase_messaging] AndroidManifest.xml:12:9-14:40
68            android:name="io.invertase.firebase.messaging.ReactNativeFirebaseMessagingHeadlessService"
68-->[:react-native-firebase_messaging] AndroidManifest.xml:13:13-103
69            android:exported="false" />
69-->[:react-native-firebase_messaging] AndroidManifest.xml:14:13-37
70        <service
70-->[:react-native-firebase_messaging] AndroidManifest.xml:15:9-21:19
71            android:name="io.invertase.firebase.messaging.ReactNativeFirebaseMessagingService"
71-->[:react-native-firebase_messaging] AndroidManifest.xml:16:13-95
72            android:exported="false" >
72-->[:react-native-firebase_messaging] AndroidManifest.xml:17:13-37
73            <intent-filter>
73-->[:react-native-firebase_messaging] AndroidManifest.xml:18:13-20:29
74                <action android:name="com.google.firebase.MESSAGING_EVENT" />
74-->[:react-native-firebase_messaging] AndroidManifest.xml:19:17-78
74-->[:react-native-firebase_messaging] AndroidManifest.xml:19:25-75
75            </intent-filter>
76        </service>
77
78        <receiver
78-->[:react-native-firebase_messaging] AndroidManifest.xml:23:9-30:20
79            android:name="io.invertase.firebase.messaging.ReactNativeFirebaseMessagingReceiver"
79-->[:react-native-firebase_messaging] AndroidManifest.xml:24:13-96
80            android:exported="true"
80-->[:react-native-firebase_messaging] AndroidManifest.xml:25:13-36
81            android:permission="com.google.android.c2dm.permission.SEND" >
81-->[:react-native-firebase_messaging] AndroidManifest.xml:26:13-73
82            <intent-filter>
82-->[:react-native-firebase_messaging] AndroidManifest.xml:27:13-29:29
83                <action android:name="com.google.android.c2dm.intent.RECEIVE" />
83-->[:react-native-firebase_messaging] AndroidManifest.xml:28:17-81
83-->[:react-native-firebase_messaging] AndroidManifest.xml:28:25-78
84            </intent-filter>
85        </receiver>
86
87        <meta-data
87-->[:react-native-firebase_messaging] AndroidManifest.xml:32:9-34:36
88            android:name="firebase_messaging_auto_init_enabled"
88-->[:react-native-firebase_messaging] AndroidManifest.xml:33:13-64
89            android:value="true" />
89-->[:react-native-firebase_messaging] AndroidManifest.xml:34:13-33
90        <meta-data
90-->[:react-native-firebase_messaging] AndroidManifest.xml:35:9-37:32
91            android:name="com.google.firebase.messaging.default_notification_channel_id"
91-->[:react-native-firebase_messaging] AndroidManifest.xml:36:13-89
92            android:value="" />
92-->[:react-native-firebase_messaging] AndroidManifest.xml:37:13-29
93        <meta-data
93-->[:react-native-firebase_messaging] AndroidManifest.xml:38:9-40:47
94            android:name="com.google.firebase.messaging.default_notification_color"
94-->[:react-native-firebase_messaging] AndroidManifest.xml:39:13-84
95            android:resource="@color/white" />
95-->[:react-native-firebase_messaging] AndroidManifest.xml:40:13-44
96        <meta-data
96-->[:react-native-firebase_app] AndroidManifest.xml:9:9-11:36
97            android:name="app_data_collection_default_enabled"
97-->[:react-native-firebase_app] AndroidManifest.xml:10:13-63
98            android:value="true" />
98-->[:react-native-firebase_app] AndroidManifest.xml:11:13-33
99
100        <service
100-->[:react-native-firebase_app] AndroidManifest.xml:13:9-21:19
101            android:name="com.google.firebase.components.ComponentDiscoveryService"
101-->[:react-native-firebase_app] AndroidManifest.xml:14:13-84
102            android:directBootAware="true"
102-->[:react-native-firebase_app] AndroidManifest.xml:15:13-43
103            android:exported="false" >
103-->[:react-native-firebase_app] AndroidManifest.xml:16:13-37
104            <meta-data
104-->[:react-native-firebase_app] AndroidManifest.xml:18:13-20:85
105                android:name="com.google.firebase.components:io.invertase.firebase.app.ReactNativeFirebaseAppRegistrar"
105-->[:react-native-firebase_app] AndroidManifest.xml:19:17-120
106                android:value="com.google.firebase.components.ComponentRegistrar" />
106-->[:react-native-firebase_app] AndroidManifest.xml:20:17-82
107            <meta-data
107-->[com.google.firebase:firebase-messaging:23.4.0] AndroidManifest.xml:57:13-59:85
108                android:name="com.google.firebase.components:com.google.firebase.messaging.FirebaseMessagingKtxRegistrar"
108-->[com.google.firebase:firebase-messaging:23.4.0] AndroidManifest.xml:58:17-122
109                android:value="com.google.firebase.components.ComponentRegistrar" />
109-->[com.google.firebase:firebase-messaging:23.4.0] AndroidManifest.xml:59:17-82
110            <meta-data
110-->[com.google.firebase:firebase-messaging:23.4.0] AndroidManifest.xml:60:13-62:85
111                android:name="com.google.firebase.components:com.google.firebase.messaging.FirebaseMessagingRegistrar"
111-->[com.google.firebase:firebase-messaging:23.4.0] AndroidManifest.xml:61:17-119
112                android:value="com.google.firebase.components.ComponentRegistrar" />
112-->[com.google.firebase:firebase-messaging:23.4.0] AndroidManifest.xml:62:17-82
113            <meta-data
113-->[com.google.firebase:firebase-installations:17.2.0] AndroidManifest.xml:15:13-17:85
114                android:name="com.google.firebase.components:com.google.firebase.installations.FirebaseInstallationsKtxRegistrar"
114-->[com.google.firebase:firebase-installations:17.2.0] AndroidManifest.xml:16:17-130
115                android:value="com.google.firebase.components.ComponentRegistrar" />
115-->[com.google.firebase:firebase-installations:17.2.0] AndroidManifest.xml:17:17-82
116            <meta-data
116-->[com.google.firebase:firebase-installations:17.2.0] AndroidManifest.xml:18:13-20:85
117                android:name="com.google.firebase.components:com.google.firebase.installations.FirebaseInstallationsRegistrar"
117-->[com.google.firebase:firebase-installations:17.2.0] AndroidManifest.xml:19:17-127
118                android:value="com.google.firebase.components.ComponentRegistrar" />
118-->[com.google.firebase:firebase-installations:17.2.0] AndroidManifest.xml:20:17-82
119            <meta-data
119-->[com.google.firebase:firebase-common-ktx:20.4.2] AndroidManifest.xml:12:13-14:85
120                android:name="com.google.firebase.components:com.google.firebase.ktx.FirebaseCommonLegacyRegistrar"
120-->[com.google.firebase:firebase-common-ktx:20.4.2] AndroidManifest.xml:13:17-116
121                android:value="com.google.firebase.components.ComponentRegistrar" />
121-->[com.google.firebase:firebase-common-ktx:20.4.2] AndroidManifest.xml:14:17-82
122            <meta-data
122-->[com.google.firebase:firebase-common:20.4.2] AndroidManifest.xml:35:13-37:85
123                android:name="com.google.firebase.components:com.google.firebase.FirebaseCommonKtxRegistrar"
123-->[com.google.firebase:firebase-common:20.4.2] AndroidManifest.xml:36:17-109
124                android:value="com.google.firebase.components.ComponentRegistrar" />
124-->[com.google.firebase:firebase-common:20.4.2] AndroidManifest.xml:37:17-82
125            <meta-data
125-->[com.google.firebase:firebase-datatransport:18.1.7] AndroidManifest.xml:27:13-29:85
126                android:name="com.google.firebase.components:com.google.firebase.datatransport.TransportRegistrar"
126-->[com.google.firebase:firebase-datatransport:18.1.7] AndroidManifest.xml:28:17-115
127                android:value="com.google.firebase.components.ComponentRegistrar" />
127-->[com.google.firebase:firebase-datatransport:18.1.7] AndroidManifest.xml:29:17-82
128        </service>
129
130        <provider
130-->[:react-native-firebase_app] AndroidManifest.xml:23:9-27:38
131            android:name="io.invertase.firebase.app.ReactNativeFirebaseAppInitProvider"
131-->[:react-native-firebase_app] AndroidManifest.xml:24:13-88
132            android:authorities="com.jaudifinance.reactnativefirebaseappinitprovider"
132-->[:react-native-firebase_app] AndroidManifest.xml:25:13-86
133            android:exported="false"
133-->[:react-native-firebase_app] AndroidManifest.xml:26:13-37
134            android:initOrder="99" />
134-->[:react-native-firebase_app] AndroidManifest.xml:27:13-35
135        <provider
135-->[:react-native-image-picker] AndroidManifest.xml:8:9-16:20
136            android:name="com.imagepicker.ImagePickerProvider"
136-->[:react-native-image-picker] AndroidManifest.xml:9:13-63
137            android:authorities="com.jaudifinance.imagepickerprovider"
137-->[:react-native-image-picker] AndroidManifest.xml:10:13-71
138            android:exported="false"
138-->[:react-native-image-picker] AndroidManifest.xml:11:13-37
139            android:grantUriPermissions="true" >
139-->[:react-native-image-picker] AndroidManifest.xml:12:13-47
140            <meta-data
140-->[:react-native-image-picker] AndroidManifest.xml:13:13-15:70
141                android:name="android.support.FILE_PROVIDER_PATHS"
141-->[:react-native-image-picker] AndroidManifest.xml:14:17-67
142                android:resource="@xml/imagepicker_provider_paths" />
142-->[:react-native-image-picker] AndroidManifest.xml:15:17-67
143        </provider>
144
145        <receiver
145-->[com.google.firebase:firebase-messaging:23.4.0] AndroidManifest.xml:29:9-40:20
146            android:name="com.google.firebase.iid.FirebaseInstanceIdReceiver"
146-->[com.google.firebase:firebase-messaging:23.4.0] AndroidManifest.xml:30:13-78
147            android:exported="true"
147-->[com.google.firebase:firebase-messaging:23.4.0] AndroidManifest.xml:31:13-36
148            android:permission="com.google.android.c2dm.permission.SEND" >
148-->[com.google.firebase:firebase-messaging:23.4.0] AndroidManifest.xml:32:13-73
149            <intent-filter>
149-->[:react-native-firebase_messaging] AndroidManifest.xml:27:13-29:29
150                <action android:name="com.google.android.c2dm.intent.RECEIVE" />
150-->[:react-native-firebase_messaging] AndroidManifest.xml:28:17-81
150-->[:react-native-firebase_messaging] AndroidManifest.xml:28:25-78
151            </intent-filter>
152
153            <meta-data
153-->[com.google.firebase:firebase-messaging:23.4.0] AndroidManifest.xml:37:13-39:40
154                android:name="com.google.android.gms.cloudmessaging.FINISHED_AFTER_HANDLED"
154-->[com.google.firebase:firebase-messaging:23.4.0] AndroidManifest.xml:38:17-92
155                android:value="true" />
155-->[com.google.firebase:firebase-messaging:23.4.0] AndroidManifest.xml:39:17-37
156        </receiver>
157        <!--
158             FirebaseMessagingService performs security checks at runtime,
159             but set to not exported to explicitly avoid allowing another app to call it.
160        -->
161        <service
161-->[com.google.firebase:firebase-messaging:23.4.0] AndroidManifest.xml:46:9-53:19
162            android:name="com.google.firebase.messaging.FirebaseMessagingService"
162-->[com.google.firebase:firebase-messaging:23.4.0] AndroidManifest.xml:47:13-82
163            android:directBootAware="true"
163-->[com.google.firebase:firebase-messaging:23.4.0] AndroidManifest.xml:48:13-43
164            android:exported="false" >
164-->[com.google.firebase:firebase-messaging:23.4.0] AndroidManifest.xml:49:13-37
165            <intent-filter android:priority="-500" >
165-->[:react-native-firebase_messaging] AndroidManifest.xml:18:13-20:29
166                <action android:name="com.google.firebase.MESSAGING_EVENT" />
166-->[:react-native-firebase_messaging] AndroidManifest.xml:19:17-78
166-->[:react-native-firebase_messaging] AndroidManifest.xml:19:25-75
167            </intent-filter>
168        </service>
169
170        <provider
170-->[com.google.firebase:firebase-common:20.4.2] AndroidManifest.xml:23:9-28:39
171            android:name="com.google.firebase.provider.FirebaseInitProvider"
171-->[com.google.firebase:firebase-common:20.4.2] AndroidManifest.xml:24:13-77
172            android:authorities="com.jaudifinance.firebaseinitprovider"
172-->[com.google.firebase:firebase-common:20.4.2] AndroidManifest.xml:25:13-72
173            android:directBootAware="true"
173-->[com.google.firebase:firebase-common:20.4.2] AndroidManifest.xml:26:13-43
174            android:exported="false"
174-->[com.google.firebase:firebase-common:20.4.2] AndroidManifest.xml:27:13-37
175            android:initOrder="100" />
175-->[com.google.firebase:firebase-common:20.4.2] AndroidManifest.xml:28:13-36
176
177        <activity
177-->[com.google.android.gms:play-services-auth:20.7.0] AndroidManifest.xml:23:9-27:75
178            android:name="com.google.android.gms.auth.api.signin.internal.SignInHubActivity"
178-->[com.google.android.gms:play-services-auth:20.7.0] AndroidManifest.xml:24:13-93
179            android:excludeFromRecents="true"
179-->[com.google.android.gms:play-services-auth:20.7.0] AndroidManifest.xml:25:13-46
180            android:exported="false"
180-->[com.google.android.gms:play-services-auth:20.7.0] AndroidManifest.xml:26:13-37
181            android:theme="@android:style/Theme.Translucent.NoTitleBar" />
181-->[com.google.android.gms:play-services-auth:20.7.0] AndroidManifest.xml:27:13-72
182        <!--
183            Service handling Google Sign-In user revocation. For apps that do not integrate with
184            Google Sign-In, this service will never be started.
185        -->
186        <service
186-->[com.google.android.gms:play-services-auth:20.7.0] AndroidManifest.xml:33:9-37:51
187            android:name="com.google.android.gms.auth.api.signin.RevocationBoundService"
187-->[com.google.android.gms:play-services-auth:20.7.0] AndroidManifest.xml:34:13-89
188            android:exported="true"
188-->[com.google.android.gms:play-services-auth:20.7.0] AndroidManifest.xml:35:13-36
189            android:permission="com.google.android.gms.auth.api.signin.permission.REVOCATION_NOTIFICATION"
189-->[com.google.android.gms:play-services-auth:20.7.0] AndroidManifest.xml:36:13-107
190            android:visibleToInstantApps="true" />
190-->[com.google.android.gms:play-services-auth:20.7.0] AndroidManifest.xml:37:13-48
191
192        <activity
192-->[com.google.android.gms:play-services-base:18.0.1] AndroidManifest.xml:20:9-22:45
193            android:name="com.google.android.gms.common.api.GoogleApiActivity"
193-->[com.google.android.gms:play-services-base:18.0.1] AndroidManifest.xml:20:19-85
194            android:exported="false"
194-->[com.google.android.gms:play-services-base:18.0.1] AndroidManifest.xml:22:19-43
195            android:theme="@android:style/Theme.Translucent.NoTitleBar" />
195-->[com.google.android.gms:play-services-base:18.0.1] AndroidManifest.xml:21:19-78
196
197        <meta-data
197-->[com.google.android.gms:play-services-basement:18.2.0] AndroidManifest.xml:21:9-23:69
198            android:name="com.google.android.gms.version"
198-->[com.google.android.gms:play-services-basement:18.2.0] AndroidManifest.xml:22:13-58
199            android:value="@integer/google_play_services_version" />
199-->[com.google.android.gms:play-services-basement:18.2.0] AndroidManifest.xml:23:13-66
200
201        <provider
201-->[androidx.emoji2:emoji2:1.3.0] AndroidManifest.xml:24:9-32:20
202            android:name="androidx.startup.InitializationProvider"
202-->[androidx.emoji2:emoji2:1.3.0] AndroidManifest.xml:25:13-67
203            android:authorities="com.jaudifinance.androidx-startup"
203-->[androidx.emoji2:emoji2:1.3.0] AndroidManifest.xml:26:13-68
204            android:exported="false" >
204-->[androidx.emoji2:emoji2:1.3.0] AndroidManifest.xml:27:13-37
205            <meta-data
205-->[androidx.emoji2:emoji2:1.3.0] AndroidManifest.xml:29:13-31:52
206                android:name="androidx.emoji2.text.EmojiCompatInitializer"
206-->[androidx.emoji2:emoji2:1.3.0] AndroidManifest.xml:30:17-75
207                android:value="androidx.startup" />
207-->[androidx.emoji2:emoji2:1.3.0] AndroidManifest.xml:31:17-49
208            <meta-data
208-->[androidx.lifecycle:lifecycle-process:2.6.2] AndroidManifest.xml:29:13-31:52
209                android:name="androidx.lifecycle.ProcessLifecycleInitializer"
209-->[androidx.lifecycle:lifecycle-process:2.6.2] AndroidManifest.xml:30:17-78
210                android:value="androidx.startup" />
210-->[androidx.lifecycle:lifecycle-process:2.6.2] AndroidManifest.xml:31:17-49
211            <meta-data
211-->[androidx.profileinstaller:profileinstaller:1.3.1] AndroidManifest.xml:29:13-31:52
212                android:name="androidx.profileinstaller.ProfileInstallerInitializer"
212-->[androidx.profileinstaller:profileinstaller:1.3.1] AndroidManifest.xml:30:17-85
213                android:value="androidx.startup" />
213-->[androidx.profileinstaller:profileinstaller:1.3.1] AndroidManifest.xml:31:17-49
214        </provider>
215
216        <receiver
216-->[androidx.profileinstaller:profileinstaller:1.3.1] AndroidManifest.xml:34:9-52:20
217            android:name="androidx.profileinstaller.ProfileInstallReceiver"
217-->[androidx.profileinstaller:profileinstaller:1.3.1] AndroidManifest.xml:35:13-76
218            android:directBootAware="false"
218-->[androidx.profileinstaller:profileinstaller:1.3.1] AndroidManifest.xml:36:13-44
219            android:enabled="true"
219-->[androidx.profileinstaller:profileinstaller:1.3.1] AndroidManifest.xml:37:13-35
220            android:exported="true"
220-->[androidx.profileinstaller:profileinstaller:1.3.1] AndroidManifest.xml:38:13-36
221            android:permission="android.permission.DUMP" >
221-->[androidx.profileinstaller:profileinstaller:1.3.1] AndroidManifest.xml:39:13-57
222            <intent-filter>
222-->[androidx.profileinstaller:profileinstaller:1.3.1] AndroidManifest.xml:40:13-42:29
223                <action android:name="androidx.profileinstaller.action.INSTALL_PROFILE" />
223-->[androidx.profileinstaller:profileinstaller:1.3.1] AndroidManifest.xml:41:17-91
223-->[androidx.profileinstaller:profileinstaller:1.3.1] AndroidManifest.xml:41:25-88
224            </intent-filter>
225            <intent-filter>
225-->[androidx.profileinstaller:profileinstaller:1.3.1] AndroidManifest.xml:43:13-45:29
226                <action android:name="androidx.profileinstaller.action.SKIP_FILE" />
226-->[androidx.profileinstaller:profileinstaller:1.3.1] AndroidManifest.xml:44:17-85
226-->[androidx.profileinstaller:profileinstaller:1.3.1] AndroidManifest.xml:44:25-82
227            </intent-filter>
228            <intent-filter>
228-->[androidx.profileinstaller:profileinstaller:1.3.1] AndroidManifest.xml:46:13-48:29
229                <action android:name="androidx.profileinstaller.action.SAVE_PROFILE" />
229-->[androidx.profileinstaller:profileinstaller:1.3.1] AndroidManifest.xml:47:17-88
229-->[androidx.profileinstaller:profileinstaller:1.3.1] AndroidManifest.xml:47:25-85
230            </intent-filter>
231            <intent-filter>
231-->[androidx.profileinstaller:profileinstaller:1.3.1] AndroidManifest.xml:49:13-51:29
232                <action android:name="androidx.profileinstaller.action.BENCHMARK_OPERATION" />
232-->[androidx.profileinstaller:profileinstaller:1.3.1] AndroidManifest.xml:50:17-95
232-->[androidx.profileinstaller:profileinstaller:1.3.1] AndroidManifest.xml:50:25-92
233            </intent-filter>
234        </receiver>
235
236        <service
236-->[com.google.android.datatransport:transport-backend-cct:3.1.8] AndroidManifest.xml:28:9-34:19
237            android:name="com.google.android.datatransport.runtime.backends.TransportBackendDiscovery"
237-->[com.google.android.datatransport:transport-backend-cct:3.1.8] AndroidManifest.xml:29:13-103
238            android:exported="false" >
238-->[com.google.android.datatransport:transport-backend-cct:3.1.8] AndroidManifest.xml:30:13-37
239            <meta-data
239-->[com.google.android.datatransport:transport-backend-cct:3.1.8] AndroidManifest.xml:31:13-33:39
240                android:name="backend:com.google.android.datatransport.cct.CctBackendFactory"
240-->[com.google.android.datatransport:transport-backend-cct:3.1.8] AndroidManifest.xml:32:17-94
241                android:value="cct" />
241-->[com.google.android.datatransport:transport-backend-cct:3.1.8] AndroidManifest.xml:33:17-36
242        </service>
243        <service
243-->[com.google.android.datatransport:transport-runtime:3.1.8] AndroidManifest.xml:26:9-30:19
244            android:name="com.google.android.datatransport.runtime.scheduling.jobscheduling.JobInfoSchedulerService"
244-->[com.google.android.datatransport:transport-runtime:3.1.8] AndroidManifest.xml:27:13-117
245            android:exported="false"
245-->[com.google.android.datatransport:transport-runtime:3.1.8] AndroidManifest.xml:28:13-37
246            android:permission="android.permission.BIND_JOB_SERVICE" >
246-->[com.google.android.datatransport:transport-runtime:3.1.8] AndroidManifest.xml:29:13-69
247        </service>
248
249        <receiver
249-->[com.google.android.datatransport:transport-runtime:3.1.8] AndroidManifest.xml:32:9-34:40
250            android:name="com.google.android.datatransport.runtime.scheduling.jobscheduling.AlarmManagerSchedulerBroadcastReceiver"
250-->[com.google.android.datatransport:transport-runtime:3.1.8] AndroidManifest.xml:33:13-132
251            android:exported="false" />
251-->[com.google.android.datatransport:transport-runtime:3.1.8] AndroidManifest.xml:34:13-37
252
253        <meta-data
253-->[com.facebook.soloader:soloader:0.12.1] AndroidManifest.xml:12:9-14:37
254            android:name="com.facebook.soloader.enabled"
254-->[com.facebook.soloader:soloader:0.12.1] AndroidManifest.xml:13:13-57
255            android:value="false" />
255-->[com.facebook.soloader:soloader:0.12.1] AndroidManifest.xml:14:13-34
256    </application>
257
258</manifest>